2023-05-04 00:02:20,633 INFO [capacityManagement] start correct usage

2023-05-04 00:02:20,635 INFO [capacityManagement] end correct usage, cost: 0s

2023-05-04 00:02:20,725 WARN clearConfigHistory start

2023-05-04 00:12:20,646 INFO [capacityManagement] start correct usage

2023-05-04 00:12:20,647 INFO [capacityManagement] end correct usage, cost: 0s

2023-05-04 00:12:20,739 WARN clearConfigHistory start

2023-05-04 00:22:20,655 INFO [capacityManagement] start correct usage

2023-05-04 00:22:20,660 INFO [capacityManagement] end correct usage, cost: 0s

2023-05-04 00:22:20,750 WARN clearConfigHistory start

2023-05-04 08:35:58,679 INFO Starting Nacos v1.4.1 on DESKTOP-G10U45Q with PID 6268 (E:\Java\Java-idea\SpringCloudAlibaba\SpringCloudTemplate\组件\nacos-server-1.4.1\nacos\target\nacos-server.jar started by thunderobot in E:\Java\Java-idea\SpringCloudAlibaba\SpringCloudTemplate\组件)

2023-05-04 08:35:58,679 INFO The following profiles are active: standalone

2023-05-04 08:36:03,979 INFO Bean 'org.springframework.security.access.expression.method.DefaultMethodSecurityExpressionHandler@45a4b042' of type [org.springframework.security.access.expression.method.DefaultMethodSecurityExpressionHandler] is not eligible for getting processed by all BeanPostProcessors (for example: not eligible for auto-proxying)

2023-05-04 08:36:03,979 INFO Bean 'methodSecurityMetadataSource' of type [org.springframework.security.access.method.DelegatingMethodSecurityMetadataSource] is not eligible for getting processed by all BeanPostProcessors (for example: not eligible for auto-proxying)

2023-05-04 08:36:05,072 INFO Tomcat initialized with port(s): 8848 (http)

2023-05-04 08:36:05,135 INFO Starting service [Tomcat]

2023-05-04 08:36:05,135 INFO Starting Servlet engine: [Apache Tomcat/9.0.38]

2023-05-04 08:36:05,713 INFO At least one JAR was scanned for TLDs yet contained no TLDs. Enable debug logging for this logger for a complete list of JARs that were scanned but no TLDs were found in them. Skipping unneeded JARs during scanning can improve startup time and JSP compilation time.

2023-05-04 08:36:05,775 INFO Initializing Spring embedded WebApplicationContext

2023-05-04 08:36:05,775 INFO Root WebApplicationContext: initialization completed in 6986 ms

2023-05-04 08:36:06,238 INFO HikariPool-1 - Starting...

2023-05-04 08:36:06,832 INFO HikariPool-1 - Start completed.

2023-05-04 08:36:08,253 INFO Nacos-related cluster resource initialization

2023-05-04 08:36:08,269 INFO The cluster resource is initialized

2023-05-04 08:36:08,925 INFO Reflections took 47 ms to scan 1 urls, producing 4 keys and 6 values 

2023-05-04 08:36:08,956 INFO Reflections took 0 ms to scan 1 urls, producing 6 keys and 26 values 

2023-05-04 08:36:08,972 INFO Reflections took 0 ms to scan 1 urls, producing 3 keys and 15 values 

2023-05-04 08:36:08,987 INFO Reflections took 0 ms to scan 1 urls, producing 2 keys and 12 values 

2023-05-04 08:36:10,018 INFO Initializing ExecutorService 'applicationTaskExecutor'

2023-05-04 08:36:10,159 INFO Adding welcome page: class path resource [static/index.html]

2023-05-04 08:36:10,862 INFO Creating filter chain: Ant [pattern='/**'], []

2023-05-04 08:36:10,893 INFO Creating filter chain: any request, [org.springframework.security.web.context.request.async.WebAsyncManagerIntegrationFilter@21a5fd96, org.springframework.security.web.context.SecurityContextPersistenceFilter@f31c0c6, org.springframework.security.web.header.HeaderWriterFilter@263f04ca, org.springframework.security.web.csrf.CsrfFilter@54afd745, org.springframework.security.web.authentication.logout.LogoutFilter@41394595, org.springframework.security.web.savedrequest.RequestCacheAwareFilter@4a9419d7, org.springframework.security.web.servletapi.SecurityContextHolderAwareRequestFilter@67af833b, org.springframework.security.web.authentication.AnonymousAuthenticationFilter@5769e7ae, org.springframework.security.web.session.SessionManagementFilter@5a021cb9, org.springframework.security.web.access.ExceptionTranslationFilter@fff25f1]

2023-05-04 08:36:11,190 INFO Initializing ExecutorService 'taskScheduler'

2023-05-04 08:36:11,221 INFO Exposing 2 endpoint(s) beneath base path '/actuator'

2023-05-04 08:36:11,346 INFO Tomcat started on port(s): 8848 (http) with context path '/nacos'

2023-05-04 08:36:11,346 INFO Started Nacos in 14.869 seconds (JVM running for 16.991)

2023-05-04 08:36:11,346 INFO Nacos started successfully in stand alone mode. use external storage

2023-05-04 08:36:18,858 INFO Initializing Spring DispatcherServlet 'dispatcherServlet'

2023-05-04 08:36:18,858 INFO Initializing Servlet 'dispatcherServlet'

2023-05-04 08:36:18,873 INFO Completed initialization in 15 ms

2023-05-04 08:46:09,206 INFO [capacityManagement] start correct usage

2023-05-04 08:46:09,215 INFO [capacityManagement] end correct usage, cost: 0s

2023-05-04 08:46:09,471 WARN clearConfigHistory start

2023-05-04 08:56:09,229 INFO [capacityManagement] start correct usage

2023-05-04 08:56:09,234 INFO [capacityManagement] end correct usage, cost: 0s

2023-05-04 08:56:09,481 WARN clearConfigHistory start

2023-05-04 09:06:09,247 INFO [capacityManagement] start correct usage

2023-05-04 09:06:09,252 INFO [capacityManagement] end correct usage, cost: 0s

2023-05-04 09:06:09,494 WARN clearConfigHistory start

2023-05-04 09:16:09,265 INFO [capacityManagement] start correct usage

2023-05-04 09:16:09,270 INFO [capacityManagement] end correct usage, cost: 0s

2023-05-04 09:16:09,500 WARN clearConfigHistory start

2023-05-04 09:26:09,286 INFO [capacityManagement] start correct usage

2023-05-04 09:26:09,291 INFO [capacityManagement] end correct usage, cost: 0s

2023-05-04 09:26:09,517 WARN clearConfigHistory start

2023-05-04 09:36:09,300 INFO [capacityManagement] start correct usage

2023-05-04 09:36:09,305 INFO [capacityManagement] end correct usage, cost: 0s

2023-05-04 09:36:09,534 WARN clearConfigHistory start

2023-05-04 09:46:09,314 INFO [capacityManagement] start correct usage

2023-05-04 09:46:09,318 INFO [capacityManagement] end correct usage, cost: 0s

2023-05-04 09:46:09,544 WARN clearConfigHistory start

2023-05-04 09:56:09,325 INFO [capacityManagement] start correct usage

2023-05-04 09:56:09,330 INFO [capacityManagement] end correct usage, cost: 0s

2023-05-04 09:56:09,557 WARN clearConfigHistory start

2023-05-04 10:06:09,333 INFO [capacityManagement] start correct usage

2023-05-04 10:06:09,338 INFO [capacityManagement] end correct usage, cost: 0s

2023-05-04 10:06:09,568 WARN clearConfigHistory start

2023-05-04 10:16:09,351 INFO [capacityManagement] start correct usage

2023-05-04 10:16:09,357 INFO [capacityManagement] end correct usage, cost: 0s

2023-05-04 10:16:09,570 WARN clearConfigHistory start

2023-05-04 10:26:09,358 INFO [capacityManagement] start correct usage

2023-05-04 10:26:09,359 INFO [capacityManagement] end correct usage, cost: 0s

2023-05-04 10:26:09,578 WARN clearConfigHistory start

2023-05-04 10:36:09,372 INFO [capacityManagement] start correct usage

2023-05-04 10:36:09,373 INFO [capacityManagement] end correct usage, cost: 0s

2023-05-04 10:36:09,591 WARN clearConfigHistory start

2023-05-04 10:46:09,378 INFO [capacityManagement] start correct usage

2023-05-04 10:46:09,384 INFO [capacityManagement] end correct usage, cost: 0s

2023-05-04 10:46:09,599 WARN clearConfigHistory start

2023-05-04 10:56:09,393 INFO [capacityManagement] start correct usage

2023-05-04 10:56:09,397 INFO [capacityManagement] end correct usage, cost: 0s

2023-05-04 10:56:09,609 WARN clearConfigHistory start

2023-05-04 11:06:09,411 INFO [capacityManagement] start correct usage

2023-05-04 11:06:09,414 INFO [capacityManagement] end correct usage, cost: 0s

2023-05-04 11:06:09,616 WARN clearConfigHistory start

2023-05-04 11:16:09,431 INFO [capacityManagement] start correct usage

2023-05-04 11:16:09,436 INFO [capacityManagement] end correct usage, cost: 0s

2023-05-04 11:16:09,618 WARN clearConfigHistory start

2023-05-04 11:26:09,439 INFO [capacityManagement] start correct usage

2023-05-04 11:26:09,444 INFO [capacityManagement] end correct usage, cost: 0s

2023-05-04 11:26:09,626 WARN clearConfigHistory start

2023-05-04 11:36:09,448 INFO [capacityManagement] start correct usage

2023-05-04 11:36:09,454 INFO [capacityManagement] end correct usage, cost: 0s

2023-05-04 11:36:09,637 WARN clearConfigHistory start

