2023-05-04 00:01:00,790 INFO add listener: com.alibaba.nacos.naming.iplist.public##SEATA_GROUP@@task-consumer

2023-05-04 00:01:06,575 INFO add listener: com.alibaba.nacos.naming.iplist.public##SEATA_GROUP@@task-producer

2023-05-04 00:01:10,282 INFO [RAFT-NOTIFIER] datum is deleted, key: com.alibaba.nacos.naming.domains.meta.public##SEATA_GROUP@@service-middleware

2023-05-04 00:01:11,521 INFO add listener: com.alibaba.nacos.naming.iplist.public##SEATA_GROUP@@service-middleware

2023-05-04 00:01:53,754 INFO add listener: com.alibaba.nacos.naming.iplist.public##SEATA_GROUP@@gateway

2023-05-04 00:02:17,552 INFO add listener: com.alibaba.nacos.naming.iplist.public##SEATA_GROUP@@job

2023-05-04 00:02:28,108 INFO add listener: com.alibaba.nacos.naming.iplist.public##SEATA_GROUP@@api-user

2023-05-04 00:02:32,054 INFO add listener: com.alibaba.nacos.naming.iplist.public##SEATA_GROUP@@api-admin

2023-05-04 08:36:08,347 INFO raft peers changed: [Member{ip='192.168.1.5', port=8848, state=UP, extendInfo={raftPort=7848}}]

2023-05-04 08:36:08,363 INFO initializing Raft sub-system

2023-05-04 08:36:08,363 INFO finish loading all datums, size: 0 cost 0 ms.

2023-05-04 08:36:08,378 INFO cache loaded, datum count: 0, current term: 0

2023-05-04 08:36:08,378 INFO finish to load data from disk, cost: 15 ms.

2023-05-04 08:36:08,378 INFO timer started: leader timeout ms: 15000, heart-beat timeout ms: 5000

2023-05-04 08:36:09,144 INFO add listener: com.alibaba.nacos.naming.domains.meta.00-00---000-NACOS_SWITCH_DOMAIN-000---00-00

2023-05-04 08:36:09,159 INFO add listener: com.alibaba.nacos.naming.domains.meta.

2023-05-04 08:36:13,330 WARN start to close old raft protocol!!!

2023-05-04 08:36:13,330 WARN stop old raft protocol task for notifier

2023-05-04 08:36:13,330 WARN stop old raft protocol task for master task

2023-05-04 08:36:13,330 WARN stop old raft protocol task for heartbeat task

2023-05-04 08:36:13,330 WARN clean old cache datum for old raft

2023-05-04 08:36:13,330 WARN start to close old raft protocol!!!

2023-05-04 08:36:13,330 WARN stop old raft protocol task for notifier

2023-05-04 08:36:13,330 WARN stop old raft protocol task for master task

2023-05-04 08:36:13,330 WARN stop old raft protocol task for heartbeat task

2023-05-04 08:36:13,330 WARN clean old cache datum for old raft

2023-05-04 08:36:13,330 WARN start to move old raft protocol metadata

2023-05-04 08:36:13,330 WARN start to move old raft protocol metadata

2023-05-04 08:36:13,330 INFO raft peers changed: [Member{ip='192.168.1.5', port=8848, state=UP, extendInfo={lastRefreshTime=1683160573330, raftPort=7848, version=1.4.1}}]

2023-05-04 08:36:31,997 INFO add listener: com.alibaba.nacos.naming.iplist.public##SEATA_GROUP@@seata-server

2023-05-04 08:40:20,839 INFO add listener: com.alibaba.nacos.naming.iplist.public##SEATA_GROUP@@job

2023-05-04 08:42:01,574 INFO add listener: com.alibaba.nacos.naming.iplist.public##SEATA_GROUP@@task-producer

2023-05-04 08:42:04,203 INFO add listener: com.alibaba.nacos.naming.iplist.public##SEATA_GROUP@@task-consumer

2023-05-04 08:42:07,577 INFO add listener: com.alibaba.nacos.naming.iplist.public##SEATA_GROUP@@service-third

2023-05-04 08:42:55,509 INFO add listener: com.alibaba.nacos.naming.iplist.public##SEATA_GROUP@@service-middleware

2023-05-04 08:43:06,490 INFO add listener: com.alibaba.nacos.naming.iplist.public##SEATA_GROUP@@api-user

2023-05-04 08:47:42,015 INFO add listener: com.alibaba.nacos.naming.iplist.public##SEATA_GROUP@@api-admin

2023-05-04 08:57:32,293 INFO add listener: com.alibaba.nacos.naming.iplist.public##DEFAULT_GROUP@@api-user

2023-05-04 09:01:59,179 INFO [RAFT-NOTIFIER] datum is deleted, key: com.alibaba.nacos.naming.domains.meta.public##DEFAULT_GROUP@@api-user

2023-05-04 10:11:29,174 INFO [RAFT-NOTIFIER] datum is deleted, key: com.alibaba.nacos.naming.domains.meta.public##SEATA_GROUP@@api-user

2023-05-04 10:11:29,174 INFO [RAFT-NOTIFIER] datum is deleted, key: com.alibaba.nacos.naming.domains.meta.public##SEATA_GROUP@@job

2023-05-04 10:11:29,175 INFO [RAFT-NOTIFIER] datum is deleted, key: com.alibaba.nacos.naming.domains.meta.public##SEATA_GROUP@@service-third

2023-05-04 10:11:29,175 INFO [RAFT-NOTIFIER] datum is deleted, key: com.alibaba.nacos.naming.domains.meta.public##SEATA_GROUP@@task-consumer

2023-05-04 10:11:29,176 INFO [RAFT-NOTIFIER] datum is deleted, key: com.alibaba.nacos.naming.domains.meta.public##SEATA_GROUP@@task-producer

2023-05-04 10:14:29,183 INFO [RAFT-NOTIFIER] datum is deleted, key: com.alibaba.nacos.naming.domains.meta.public##SEATA_GROUP@@api-admin

2023-05-04 10:14:29,184 INFO [RAFT-NOTIFIER] datum is deleted, key: com.alibaba.nacos.naming.domains.meta.public##SEATA_GROUP@@service-middleware

2023-05-04 10:32:09,145 INFO add listener: com.alibaba.nacos.naming.iplist.public##SEATA_GROUP@@api-admin

2023-05-04 10:32:29,491 INFO add listener: com.alibaba.nacos.naming.iplist.public##SEATA_GROUP@@api-user

2023-05-04 10:34:36,928 INFO add listener: com.alibaba.nacos.naming.iplist.public##SEATA_GROUP@@gateway

2023-05-04 10:35:35,055 INFO add listener: com.alibaba.nacos.naming.iplist.public##SEATA_GROUP@@service-middleware

2023-05-04 10:35:38,701 INFO add listener: com.alibaba.nacos.naming.iplist.public##SEATA_GROUP@@service-third

2023-05-04 10:35:41,876 INFO add listener: com.alibaba.nacos.naming.iplist.public##SEATA_GROUP@@task-consumer

2023-05-04 10:35:44,541 INFO add listener: com.alibaba.nacos.naming.iplist.public##SEATA_GROUP@@task-producer

2023-05-04 10:35:46,410 INFO add listener: com.alibaba.nacos.naming.iplist.public##SEATA_GROUP@@job

2023-05-04 11:37:29,178 INFO [RAFT-NOTIFIER] datum is deleted, key: com.alibaba.nacos.naming.domains.meta.public##SEATA_GROUP@@api-user

2023-05-04 11:37:29,178 INFO [RAFT-NOTIFIER] datum is deleted, key: com.alibaba.nacos.naming.domains.meta.public##SEATA_GROUP@@gateway

2023-05-04 11:37:29,179 INFO [RAFT-NOTIFIER] datum is deleted, key: com.alibaba.nacos.naming.domains.meta.public##SEATA_GROUP@@job

2023-05-04 11:37:29,179 INFO [RAFT-NOTIFIER] datum is deleted, key: com.alibaba.nacos.naming.domains.meta.public##SEATA_GROUP@@service-middleware

2023-05-04 11:37:29,179 INFO [RAFT-NOTIFIER] datum is deleted, key: com.alibaba.nacos.naming.domains.meta.public##SEATA_GROUP@@service-third

2023-05-04 11:37:29,179 INFO [RAFT-NOTIFIER] datum is deleted, key: com.alibaba.nacos.naming.domains.meta.public##SEATA_GROUP@@task-consumer

2023-05-04 11:37:29,180 INFO [RAFT-NOTIFIER] datum is deleted, key: com.alibaba.nacos.naming.domains.meta.public##SEATA_GROUP@@task-producer

2023-05-04 11:37:59,182 INFO [RAFT-NOTIFIER] datum is deleted, key: com.alibaba.nacos.naming.domains.meta.public##SEATA_GROUP@@api-admin

