2023-05-04 00:02:50,898 INFO PERFORMANCE:|9|9|-1|-1

2023-05-04 00:07:50,900 INFO PERFORMANCE:|9|9|-1|-1

2023-05-04 00:12:50,901 INFO PERFORMANCE:|9|9|-1|-1

2023-05-04 00:17:50,904 INFO PERFORMANCE:|9|9|-1|-1

2023-05-04 00:22:50,920 INFO PERFORMANCE:|9|9|-1|-1

2023-05-04 00:27:50,922 INFO PERFORMANCE:|9|9|-1|-1

2023-05-04 08:36:39,496 INFO PERFORMANCE:|1|1|-1|-1

2023-05-04 08:41:39,510 INFO PERFORMANCE:|2|2|-1|-1

2023-05-04 08:46:39,514 INFO PERFORMANCE:|7|7|-1|-1

2023-05-04 08:51:39,517 INFO PERFORMANCE:|8|8|-1|-1

2023-05-04 08:56:39,519 INFO PERFORMANCE:|8|8|-1|-1

2023-05-04 09:01:39,533 INFO PERFORMANCE:|9|8|-1|-1

2023-05-04 09:06:39,547 INFO PERFORMANCE:|8|8|-1|-1

2023-05-04 09:11:39,552 INFO PERFORMANCE:|8|8|-1|-1

2023-05-04 09:16:39,562 INFO PERFORMANCE:|8|8|-1|-1

2023-05-04 09:21:39,565 INFO PERFORMANCE:|8|8|-1|-1

2023-05-04 09:26:39,566 INFO PERFORMANCE:|8|8|-1|-1

2023-05-04 09:31:39,575 INFO PERFORMANCE:|8|8|-1|-1

2023-05-04 09:36:39,581 INFO PERFORMANCE:|8|8|-1|-1

2023-05-04 09:41:39,594 INFO PERFORMANCE:|8|8|-1|-1

2023-05-04 09:46:39,596 INFO PERFORMANCE:|8|8|-1|-1

2023-05-04 09:51:39,606 INFO PERFORMANCE:|8|8|-1|-1

2023-05-04 09:56:39,617 INFO PERFORMANCE:|8|8|-1|-1

2023-05-04 10:01:39,630 INFO PERFORMANCE:|8|8|-1|-1

2023-05-04 10:06:39,645 INFO PERFORMANCE:|8|8|-1|-1

2023-05-04 10:11:39,658 INFO PERFORMANCE:|3|3|-1|-1

2023-05-04 10:16:39,666 INFO PERFORMANCE:|1|1|-1|-1

2023-05-04 10:21:39,681 INFO PERFORMANCE:|1|1|-1|-1

2023-05-04 10:26:39,681 INFO PERFORMANCE:|1|1|-1|-1

2023-05-04 10:31:39,689 INFO PERFORMANCE:|1|1|-1|-1

2023-05-04 10:36:39,693 INFO PERFORMANCE:|9|9|-1|-1

2023-05-04 10:41:39,700 INFO PERFORMANCE:|9|9|-1|-1

2023-05-04 10:46:39,708 INFO PERFORMANCE:|9|1|-1|-1

2023-05-04 10:51:39,720 INFO PERFORMANCE:|9|9|-1|-1

2023-05-04 10:56:39,728 INFO PERFORMANCE:|9|9|-1|-1

2023-05-04 11:01:39,743 INFO PERFORMANCE:|9|9|-1|-1

2023-05-04 11:06:39,747 INFO PERFORMANCE:|9|9|-1|-1

2023-05-04 11:11:39,749 INFO PERFORMANCE:|9|9|-1|-1

2023-05-04 11:16:39,756 INFO PERFORMANCE:|9|9|-1|-1

2023-05-04 11:21:39,765 INFO PERFORMANCE:|9|9|-1|-1

2023-05-04 11:26:39,779 INFO PERFORMANCE:|9|9|-1|-1

2023-05-04 11:31:39,781 INFO PERFORMANCE:|9|9|-1|-1

2023-05-04 11:36:39,787 INFO PERFORMANCE:|9|1|-1|-1

2023-05-04 11:41:39,794 INFO PERFORMANCE:|1|1|-1|-1

